{
  "RSpec": {
    "coverage": {
      "/Users/deniska/Makers/week10/bank/spec/account_spec.rb": [
        1,
        null,
        1,
        1,
        1,
        null,
        null,
        1,
        1,
        null,
        1,
        1,
        null,
        null,
        1,
        4,
        null,
        null,
        1,
        1,
        4,
        null,
        null,
        1,
        1,
        1,
        null,
        null,
        1,
        1,
        1,
        null,
        null
      ],
      "/Users/deniska/Makers/week10/bank/lib/account.rb": [
        1,
        1,
        null,
        1,
        10,
        10,
        null,
        null,
        1,
        4,
        4,
        null,
        null,
        1,
        null,
        1,
        1,
        null,
        null
      ],
      "/Users/deniska/Makers/week10/bank/spec/bank_spec.rb": [
        1,
        null,
        1,
        2,
        1,
        null,
        1,
        1,
        null,
        null,
        1,
        1,
        null,
        null,
        1,
        2,
        null,
        null,
        null,
        1,
        1,
        1,
        2,
        null,
        null
      ],
      "/Users/deniska/Makers/week10/bank/lib/bank.rb": [
        1,
        null,
        1,
        1,
        null,
        1,
        4,
        null,
        null,
        1,
        1,
        1,
        null,
        null,
        1,
        2,
        1,
        null,
        null,
        null
      ]
    },
    "timestamp": 1507034178
  }
}
